olc.hlp
help.are
rom.are
group.are
immort.json
ofcol2.json
shire.json
midgaard.json
plains.json
haon.json
air.json
arachnos.json
astral.json
canyon.json
catacomb.json
chapel.json
daycare.json
draconia.json
dream.json
drow.json
thalos.json
dwarven.json
dylan.json
eastern.json
galaxy.json
gnome.json
grave.json
grove.json
hitower.json
hood.json
limbo.json
mahntor.json
marsh.json
mega1.json
midennir.json
mirror.json
mobfact.json
moria.json
newthalos.json
nirvana.json
ofcol.json
olympus.json
pyramid.json
quifael.json
sewer.json
redferne.json
school.json
smurf.json
tohell.json
trollden.json
valley.json
wyvern.json
faladri.json
craft.json
$
