olc.hlp
air.are
arachnos.are
astral.are
canyon.are
catacomb.are
chapel.are
daycare.are
draconia.are
dream.are
drow.are
thalos.are
dwarven.are
dylan.are
eastern.are
galaxy.are
gnome.are
grave.are
grove.are
haon.are
help.are
hitower.are
hood.are
immort.are
limbo.are
mahntor.are
marsh.are
mega1.are
midennir.are
midgaard.are
mirror.are
mobfact.are
moria.are
newthalos.are
nirvana.are
ofcol.are
ofcol2.are
olympus.are
plains.are
pyramid.are
quifael.are
sewer.are
redferne.are
rom.are
school.are
shire.are
smurf.are
tohell.are
trollden.are
valley.are
wyvern.are
$
